2010-03-15 17:24:45 Error: No está ejecutandose el spooler!!
2010-03-15 17:25:14 Error: No está ejecutandose el spooler!!
2010-03-17 00:27:43 Error: No está ejecutandose el spooler!!
2010-03-17 23:35:53 Warning: Warning (2): array_merge() [<a href='http://php.net/function.array-merge'>function.array-merge</a>]: Argument #1 is not an array in [CORE/cake/libs/view/helpers/paginator.php, line 138]
2010-03-17 23:35:53 Warning: Warning (2): array_merge() [<a href='http://php.net/function.array-merge'>function.array-merge</a>]: Argument #2 is not an array in [CORE/cake/libs/view/helpers/paginator.php, line 138]
2010-03-17 23:35:53 Warning: Warning (2): array_merge() [<a href='http://php.net/function.array-merge'>function.array-merge</a>]: Argument #1 is not an array in [CORE/cake/libs/view/helpers/paginator.php, line 305]
2010-03-17 23:35:53 Warning: Warning (2): array_merge() [<a href='http://php.net/function.array-merge'>function.array-merge</a>]: Argument #2 is not an array in [CORE/cake/libs/view/helpers/paginator.php, line 305]
2010-03-17 23:35:53 Warning: Warning (2): Invalid argument supplied for foreach() in [APP/views/gastos/ajax/add.ctp, line 12]
2010-03-17 23:38:31 Warning: Warning (2): array_merge() [<a href='http://php.net/function.array-merge'>function.array-merge</a>]: Argument #1 is not an array in [CORE/cake/libs/view/helpers/paginator.php, line 138]
2010-03-17 23:38:31 Warning: Warning (2): array_merge() [<a href='http://php.net/function.array-merge'>function.array-merge</a>]: Argument #1 is not an array in [CORE/cake/libs/view/helpers/paginator.php, line 138]
2010-03-17 23:38:32 Warning: Warning (2): array_merge() [<a href='http://php.net/function.array-merge'>function.array-merge</a>]: Argument #1 is not an array in [CORE/cake/libs/view/helpers/paginator.php, line 138]
2010-03-17 23:38:32 Warning: Warning (2): array_merge() [<a href='http://php.net/function.array-merge'>function.array-merge</a>]: Argument #1 is not an array in [CORE/cake/libs/view/helpers/paginator.php, line 138]
2010-03-17 23:38:32 Warning: Warning (2): array_merge() [<a href='http://php.net/function.array-merge'>function.array-merge</a>]: Argument #1 is not an array in [CORE/cake/libs/view/helpers/paginator.php, line 138]
2010-03-17 23:38:38 Warning: Warning (2): array_merge() [<a href='http://php.net/function.array-merge'>function.array-merge</a>]: Argument #1 is not an array in [CORE/cake/libs/view/helpers/paginator.php, line 138]
2010-03-17 23:38:38 Warning: Warning (2): array_merge() [<a href='http://php.net/function.array-merge'>function.array-merge</a>]: Argument #2 is not an array in [CORE/cake/libs/view/helpers/paginator.php, line 138]
2010-03-17 23:38:38 Warning: Warning (2): array_merge() [<a href='http://php.net/function.array-merge'>function.array-merge</a>]: Argument #1 is not an array in [CORE/cake/libs/view/helpers/paginator.php, line 305]
2010-03-17 23:38:38 Warning: Warning (2): array_merge() [<a href='http://php.net/function.array-merge'>function.array-merge</a>]: Argument #2 is not an array in [CORE/cake/libs/view/helpers/paginator.php, line 305]
2010-03-17 23:38:38 Warning: Warning (2): Invalid argument supplied for foreach() in [APP/views/gastos/ajax/add.ctp, line 12]
2010-03-17 23:39:41 Warning: Warning (2): array_merge() [<a href='http://php.net/function.array-merge'>function.array-merge</a>]: Argument #1 is not an array in [CORE/cake/libs/view/helpers/paginator.php, line 138]
2010-03-17 23:39:41 Warning: Warning (2): array_merge() [<a href='http://php.net/function.array-merge'>function.array-merge</a>]: Argument #2 is not an array in [CORE/cake/libs/view/helpers/paginator.php, line 138]
2010-03-17 23:39:41 Warning: Warning (2): array_merge() [<a href='http://php.net/function.array-merge'>function.array-merge</a>]: Argument #1 is not an array in [CORE/cake/libs/view/helpers/paginator.php, line 305]
2010-03-17 23:39:41 Warning: Warning (2): array_merge() [<a href='http://php.net/function.array-merge'>function.array-merge</a>]: Argument #2 is not an array in [CORE/cake/libs/view/helpers/paginator.php, line 305]
2010-03-17 23:39:41 Warning: Warning (2): Invalid argument supplied for foreach() in [APP/views/gastos/ajax/add.ctp, line 16]
2010-03-17 23:46:50 Warning: Warning (2): Missing argument 1 for JavascriptHelper::event(), called in /var/www/ristorantino/app/views/gastos/index.ctp on line 9 and defined in [CORE/cake/libs/view/helpers/javascript.php, line 416]
2010-03-17 23:46:50 Warning: Warning (2): Missing argument 2 for JavascriptHelper::event(), called in /var/www/ristorantino/app/views/gastos/index.ctp on line 9 and defined in [CORE/cake/libs/view/helpers/javascript.php, line 416]
2010-03-17 23:52:02 Warning: Warning (2): Missing argument 1 for JavascriptHelper::event(), called in /var/www/ristorantino/app/views/gastos/index.ctp on line 8 and defined in [CORE/cake/libs/view/helpers/javascript.php, line 416]
2010-03-17 23:52:02 Warning: Warning (2): Missing argument 2 for JavascriptHelper::event(), called in /var/www/ristorantino/app/views/gastos/index.ctp on line 8 and defined in [CORE/cake/libs/view/helpers/javascript.php, line 416]
2010-03-17 23:52:03 Warning: Warning (2): Missing argument 1 for JavascriptHelper::event(), called in /var/www/ristorantino/app/views/gastos/index.ctp on line 8 and defined in [CORE/cake/libs/view/helpers/javascript.php, line 416]
2010-03-17 23:52:03 Warning: Warning (2): Missing argument 2 for JavascriptHelper::event(), called in /var/www/ristorantino/app/views/gastos/index.ctp on line 8 and defined in [CORE/cake/libs/view/helpers/javascript.php, line 416]
2010-03-17 23:54:54 Warning: Warning (2): Missing argument 1 for JavascriptHelper::event(), called in /var/www/ristorantino/app/views/gastos/index.ctp on line 8 and defined in [CORE/cake/libs/view/helpers/javascript.php, line 416]
2010-03-17 23:54:54 Warning: Warning (2): Missing argument 2 for JavascriptHelper::event(), called in /var/www/ristorantino/app/views/gastos/index.ctp on line 8 and defined in [CORE/cake/libs/view/helpers/javascript.php, line 416]
2010-03-17 23:55:13 Warning: Warning (2): Missing argument 1 for JavascriptHelper::event(), called in /var/www/ristorantino/app/views/gastos/index.ctp on line 8 and defined in [CORE/cake/libs/view/helpers/javascript.php, line 416]
2010-03-17 23:55:13 Warning: Warning (2): Missing argument 2 for JavascriptHelper::event(), called in /var/www/ristorantino/app/views/gastos/index.ctp on line 8 and defined in [CORE/cake/libs/view/helpers/javascript.php, line 416]
2010-03-17 23:55:45 Warning: Warning (2): Missing argument 1 for JavascriptHelper::event(), called in /var/www/ristorantino/app/views/gastos/index.ctp on line 8 and defined in [CORE/cake/libs/view/helpers/javascript.php, line 416]
2010-03-17 23:55:45 Warning: Warning (2): Missing argument 2 for JavascriptHelper::event(), called in /var/www/ristorantino/app/views/gastos/index.ctp on line 8 and defined in [CORE/cake/libs/view/helpers/javascript.php, line 416]
2010-03-17 23:56:49 Warning: Warning (2): Missing argument 1 for JavascriptHelper::event(), called in /var/www/ristorantino/app/views/gastos/index.ctp on line 8 and defined in [CORE/cake/libs/view/helpers/javascript.php, line 416]
2010-03-17 23:56:49 Warning: Warning (2): Missing argument 2 for JavascriptHelper::event(), called in /var/www/ristorantino/app/views/gastos/index.ctp on line 8 and defined in [CORE/cake/libs/view/helpers/javascript.php, line 416]
2010-03-17 23:57:02 Warning: Warning (2): Missing argument 1 for JavascriptHelper::event(), called in /var/www/ristorantino/app/views/gastos/index.ctp on line 8 and defined in [CORE/cake/libs/view/helpers/javascript.php, line 416]
2010-03-17 23:57:02 Warning: Warning (2): Missing argument 2 for JavascriptHelper::event(), called in /var/www/ristorantino/app/views/gastos/index.ctp on line 8 and defined in [CORE/cake/libs/view/helpers/javascript.php, line 416]
2010-03-17 23:57:48 Warning: Warning (2): Missing argument 1 for JavascriptHelper::event(), called in /var/www/ristorantino/app/views/gastos/index.ctp on line 8 and defined in [CORE/cake/libs/view/helpers/javascript.php, line 416]
2010-03-17 23:57:48 Warning: Warning (2): Missing argument 2 for JavascriptHelper::event(), called in /var/www/ristorantino/app/views/gastos/index.ctp on line 8 and defined in [CORE/cake/libs/view/helpers/javascript.php, line 416]
2010-03-17 23:58:33 Warning: Warning (2): Missing argument 1 for JavascriptHelper::event(), called in /var/www/ristorantino/app/views/gastos/index.ctp on line 8 and defined in [CORE/cake/libs/view/helpers/javascript.php, line 416]
2010-03-17 23:58:33 Warning: Warning (2): Missing argument 2 for JavascriptHelper::event(), called in /var/www/ristorantino/app/views/gastos/index.ctp on line 8 and defined in [CORE/cake/libs/view/helpers/javascript.php, line 416]
2010-03-18 00:00:54 Warning: Warning (512): <span style = "color:Red;text-align:left"><b>SQL Error:</b> 1048: Column 'importe' cannot be null</span> in [CORE/cake/libs/model/datasources/dbo_source.php, line 527]
