2013-10-21 13:41:49 Notice: Notice (8): Undefined index: importe in [APP/plugins/account/models/gasto.php, line 157]
2013-10-21 13:41:49 Notice: Notice (8): Undefined index: neto in [APP/plugins/account/models/gasto.php, line 158]
2013-10-21 13:50:53 Notice: Notice (8): Undefined variable: gasto in [APP/plugins/account/views/gastos/history.ctp, line 143]
2013-10-21 14:50:28 Notice: Notice (8): unserialize() [<a href='http://php.net/function.unserialize'>function.unserialize</a>]: Error at offset 8262 of 45170 bytes in [CORE/cake/libs/cache/file.php, line 192]
2013-10-22 15:48:53 Notice: Notice (8): unserialize() [<a href='http://php.net/function.unserialize'>function.unserialize</a>]: Error at offset 22395 of 22579 bytes in [CORE/cake/libs/cache/file.php, line 192]
2013-10-26 12:53:13 Notice: Notice (8): Undefined property: ArqueosController::$Egreso in [APP/plugins/cash/controllers/arqueos_controller.php, line 30]
2013-10-26 13:20:59 Notice: Notice (8): Undefined index: DetalleSabor in [APP/controllers/detalle_comandas_controller.php, line 125]
2013-10-26 13:21:05 Notice: Notice (8): Undefined variable: header in [APP/vendors/ticket_templates/pre_ticket_comandera.php, line 9]
2013-10-26 13:22:33 Notice: Notice (8): Undefined variable: header in [APP/vendors/ticket_templates/pre_ticket_comandera.php, line 9]
2013-10-26 18:39:55 Notice: Notice (8): Undefined variable: egresosEfectivo in [APP/plugins/cash/views/arqueos/add.ctp, line 64]
2013-10-26 18:40:13 Notice: Notice (8): Undefined variable: egresosEfectivo in [APP/plugins/cash/views/arqueos/add.ctp, line 64]
2013-10-26 18:40:18 Notice: Notice (8): Undefined variable: egresosEfectivo in [APP/plugins/cash/views/arqueos/add.ctp, line 64]
2013-10-26 18:41:18 Notice: Notice (8): Undefined variable: egresosEfectivo in [APP/plugins/cash/views/arqueos/add.ctp, line 64]
2013-10-26 18:45:58 Notice: Notice (8): Undefined index: total in [APP/plugins/cash/controllers/arqueos_controller.php, line 68]
2013-10-26 18:45:58 Notice: Notice (8): Undefined index: total in [APP/plugins/cash/controllers/arqueos_controller.php, line 73]
2013-10-26 23:04:34 Notice: Notice (8): A non well formed numeric value encountered in [APP/plugins/cash/controllers/arqueos_controller.php, line 50]
2013-10-26 23:05:28 Notice: Notice (8): A non well formed numeric value encountered in [APP/plugins/cash/controllers/arqueos_controller.php, line 50]
2013-10-26 23:07:03 Notice: Notice (8): A non well formed numeric value encountered in [APP/plugins/cash/controllers/arqueos_controller.php, line 58]
2013-10-26 23:07:07 Notice: Notice (8): A non well formed numeric value encountered in [APP/plugins/cash/controllers/arqueos_controller.php, line 58]
2013-10-26 23:09:18 Notice: Notice (8): Undefined variable: ingresosList in [APP/plugins/cash/views/arqueos/add.ctp, line 13]
2013-10-26 23:09:18 Notice: Notice (8): Undefined variable: egresosList in [APP/plugins/cash/views/arqueos/add.ctp, line 32]
2013-10-26 23:11:05 Notice: Notice (8): A non well formed numeric value encountered in [APP/plugins/cash/controllers/arqueos_controller.php, line 27]
2013-10-26 23:11:48 Notice: Notice (8): A non well formed numeric value encountered in [APP/plugins/cash/controllers/arqueos_controller.php, line 27]
2013-10-26 23:12:46 Notice: Notice (8): A non well formed numeric value encountered in [APP/plugins/cash/controllers/arqueos_controller.php, line 27]
2013-10-27 12:03:48 Notice: Notice (8): Undefined index: Zeta in [APP/plugins/cash/views/arqueos/add.ctp, line 83]
2013-10-27 12:19:03 Notice: Notice (8): Undefined index: total in [APP/plugins/cash/controllers/arqueos_controller.php, line 69]
2013-10-27 12:19:23 Notice: Notice (8): Undefined index: total in [APP/plugins/cash/controllers/arqueos_controller.php, line 70]
2013-10-27 16:44:55 Notice: Notice (8): Undefined variable: header in [APP/vendors/ticket_templates/pre_ticket_comandera.php, line 9]
2013-10-27 16:45:46 Notice: Notice (8): Undefined variable: header in [APP/vendors/ticket_templates/pre_ticket_comandera.php, line 9]
2013-10-27 16:48:11 Notice: Notice (8): Undefined index: DetalleSabor in [APP/controllers/detalle_comandas_controller.php, line 125]
2013-10-27 16:50:23 Notice: Notice (8): Undefined index: DetalleSabor in [APP/controllers/detalle_comandas_controller.php, line 125]
2013-10-27 16:50:29 Notice: Notice (8): Undefined variable: header in [APP/vendors/ticket_templates/pre_ticket_comandera.php, line 9]
2013-10-27 16:50:31 Notice: Notice (8): Undefined variable: header in [APP/vendors/ticket_templates/pre_ticket_comandera.php, line 9]
2013-10-27 16:56:34 Notice: Notice (8): Undefined variable: header in [APP/vendors/ticket_templates/pre_ticket_comandera.php, line 9]
2013-10-27 16:59:41 Notice: Notice (8): Undefined index: DetalleSabor in [APP/controllers/detalle_comandas_controller.php, line 125]
2013-10-27 16:59:47 Notice: Notice (8): Undefined variable: header in [APP/vendors/ticket_templates/pre_ticket_comandera.php, line 9]
2013-10-27 17:02:46 Notice: Notice (8): Undefined index: DetalleSabor in [APP/controllers/detalle_comandas_controller.php, line 125]
2013-10-27 17:02:48 Notice: Notice (8): Undefined variable: header in [APP/vendors/ticket_templates/pre_ticket_comandera.php, line 9]
2013-10-27 17:13:15 Notice: Notice (8): Undefined index: valor in [APP/controllers/pagos_controller.php, line 38]
2013-10-27 17:13:15 Notice: Notice (8): Undefined index: valor in [APP/controllers/pagos_controller.php, line 41]
2013-10-27 17:14:46 Notice: Notice (8): Undefined index: DetalleSabor in [APP/controllers/detalle_comandas_controller.php, line 125]
2013-10-27 17:14:56 Notice: Notice (8): Undefined variable: header in [APP/vendors/ticket_templates/pre_ticket_comandera.php, line 9]
2013-10-27 17:15:45 Notice: Notice (8): Undefined index: DetalleSabor in [APP/controllers/detalle_comandas_controller.php, line 125]
2013-10-27 17:15:50 Notice: Notice (8): Undefined variable: header in [APP/vendors/ticket_templates/pre_ticket_comandera.php, line 9]
2013-10-27 17:16:04 Notice: Notice (8): Undefined index: valor in [APP/controllers/pagos_controller.php, line 39]
2013-10-27 17:16:04 Notice: Notice (8): Undefined index: valor in [APP/controllers/pagos_controller.php, line 42]
2013-10-27 17:17:43 Notice: Notice (8): Undefined index: DetalleSabor in [APP/controllers/detalle_comandas_controller.php, line 125]
2013-10-27 17:17:44 Notice: Notice (8): Undefined variable: header in [APP/vendors/ticket_templates/pre_ticket_comandera.php, line 9]
2013-10-27 17:20:53 Notice: Notice (8): Undefined index: DetalleSabor in [APP/controllers/detalle_comandas_controller.php, line 125]
2013-10-27 17:21:04 Notice: Notice (8): Undefined variable: header in [APP/vendors/ticket_templates/pre_ticket_comandera.php, line 9]
2013-10-27 17:22:35 Notice: Notice (8): Undefined index: DetalleSabor in [APP/controllers/detalle_comandas_controller.php, line 125]
2013-10-27 17:22:37 Notice: Notice (8): Undefined variable: header in [APP/vendors/ticket_templates/pre_ticket_comandera.php, line 9]
2013-10-27 17:42:33 Notice: Notice (8): Undefined variable: zetas in [APP/plugins/cash/views/zetas/index.ctp, line 20]
2013-10-28 18:50:58 Notice: Notice (8): Undefined variable: desde in [APP/plugins/cash/controllers/arqueos_controller.php, line 23]
2013-10-28 18:50:58 Notice: Notice (8): Undefined variable: hasta in [APP/plugins/cash/controllers/arqueos_controller.php, line 23]
2013-10-28 18:50:58 Notice: Notice (8): Undefined variable: desde in [APP/plugins/cash/controllers/arqueos_controller.php, line 40]
2013-10-28 18:50:58 Notice: Notice (8): Undefined variable: hasta in [APP/plugins/cash/controllers/arqueos_controller.php, line 40]
2013-10-28 18:50:58 Notice: Notice (8): Undefined variable: sumaIngresos in [APP/plugins/cash/controllers/arqueos_controller.php, line 123]
2013-10-28 18:51:51 Notice: Notice (8): Undefined variable: desde in [APP/plugins/cash/controllers/arqueos_controller.php, line 23]
2013-10-28 18:51:51 Notice: Notice (8): Undefined variable: hasta in [APP/plugins/cash/controllers/arqueos_controller.php, line 23]
2013-10-28 18:51:51 Notice: Notice (8): Undefined variable: desde in [APP/plugins/cash/controllers/arqueos_controller.php, line 40]
2013-10-28 18:51:51 Notice: Notice (8): Undefined variable: hasta in [APP/plugins/cash/controllers/arqueos_controller.php, line 40]
2013-10-28 18:51:51 Notice: Notice (8): Undefined variable: sumaIngresos in [APP/plugins/cash/controllers/arqueos_controller.php, line 123]
2013-10-28 18:52:09 Notice: Notice (8): Undefined variable: ingresosList in [APP/plugins/cash/views/arqueos/add.ctp, line 17]
2013-10-28 18:53:46 Notice: Notice (8): Undefined variable: desde in [APP/plugins/cash/controllers/arqueos_controller.php, line 23]
2013-10-28 18:53:46 Notice: Notice (8): Undefined variable: hasta in [APP/plugins/cash/controllers/arqueos_controller.php, line 23]
2013-10-28 18:53:46 Notice: Notice (8): Undefined variable: desde in [APP/plugins/cash/controllers/arqueos_controller.php, line 40]
2013-10-28 18:53:46 Notice: Notice (8): Undefined variable: hasta in [APP/plugins/cash/controllers/arqueos_controller.php, line 40]
2013-10-28 19:00:04 Notice: Notice (8): Undefined variable: sumaIngresos in [APP/plugins/cash/controllers/arqueos_controller.php, line 131]
2013-10-31 20:16:49 Notice: Notice (8): Undefined index: Egreso in [APP/plugins/account/views/elements/form_mini_year_month_search.ctp, line 62]
2013-10-31 20:16:50 Notice: Notice (8): Undefined index: Egreso in [APP/plugins/account/views/elements/form_mini_year_month_search.ctp, line 68]
2013-10-31 20:17:24 Notice: Notice (8): Undefined index: Egreso in [APP/plugins/account/views/elements/form_mini_year_month_search.ctp, line 62]
2013-10-31 20:17:24 Notice: Notice (8): Undefined index: Egreso in [APP/plugins/account/views/elements/form_mini_year_month_search.ctp, line 68]
2013-11-02 12:09:19 Notice: Notice (8): Undefined property: Mesa::$Mesa in [APP/models/mesa.php, line 613]
2013-11-02 12:51:04 Notice: Notice (8): Undefined index: DetalleSabor in [APP/controllers/detalle_comandas_controller.php, line 125]
2013-11-02 12:51:06 Notice: Notice (8): Undefined variable: header in [APP/vendors/ticket_templates/pre_ticket_comandera.php, line 9]
2013-11-02 12:51:27 Notice: Notice (8): Undefined index: DetalleSabor in [APP/controllers/detalle_comandas_controller.php, line 125]
2013-11-02 12:51:29 Notice: Notice (8): Undefined variable: header in [APP/vendors/ticket_templates/pre_ticket_comandera.php, line 9]
2013-11-02 12:55:56 Notice: Notice (8): Undefined offset: 0 in [APP/plugins/stats/controllers/stats_controller.php, line 173]
2013-11-02 12:55:56 Notice: Notice (8): Undefined index: z in [APP/plugins/stats/controllers/stats_controller.php, line 174]
2013-11-02 12:55:56 Notice: Notice (8): Undefined index: z in [APP/plugins/stats/controllers/stats_controller.php, line 175]
2013-11-02 12:55:56 Notice: Notice (8): Undefined index: fecha in [APP/plugins/stats/controllers/stats_controller.php, line 176]
2013-11-02 12:55:56 Notice: Notice (8): Undefined index: total in [APP/plugins/stats/views/stats/mozos_total.ctp, line 87]
2013-11-02 12:56:35 Notice: Notice (8): Undefined offset: 0 in [APP/plugins/stats/controllers/stats_controller.php, line 173]
2013-11-02 12:56:35 Notice: Notice (8): Undefined index: z in [APP/plugins/stats/controllers/stats_controller.php, line 174]
2013-11-02 12:56:35 Notice: Notice (8): Undefined index: z in [APP/plugins/stats/controllers/stats_controller.php, line 175]
2013-11-02 12:56:35 Notice: Notice (8): Undefined index: fecha in [APP/plugins/stats/controllers/stats_controller.php, line 176]
2013-11-02 12:56:35 Notice: Notice (8): Undefined index: total in [APP/plugins/stats/views/stats/mozos_total.ctp, line 87]
2013-11-02 12:56:42 Notice: Notice (8): Undefined offset: 0 in [APP/plugins/stats/controllers/stats_controller.php, line 173]
2013-11-02 12:56:42 Notice: Notice (8): Undefined index: z in [APP/plugins/stats/controllers/stats_controller.php, line 174]
2013-11-02 12:56:42 Notice: Notice (8): Undefined index: z in [APP/plugins/stats/controllers/stats_controller.php, line 175]
2013-11-02 12:56:42 Notice: Notice (8): Undefined index: fecha in [APP/plugins/stats/controllers/stats_controller.php, line 176]
2013-11-02 12:56:42 Notice: Notice (8): Undefined index: total in [APP/plugins/stats/views/stats/mozos_total.ctp, line 87]
2013-11-02 13:00:38 Notice: Notice (8): Undefined offset: 2 in [CORE/cake/libs/model/datasources/dbo_source.php, line 1267]
2013-11-02 13:00:38 Notice: Notice (8): Undefined offset: 3 in [CORE/cake/libs/model/datasources/dbo_source.php, line 1267]
2013-11-02 13:00:38 Notice: Notice (8): Undefined offset: 4 in [CORE/cake/libs/model/datasources/dbo_source.php, line 1267]
2013-11-02 13:00:46 Notice: Notice (8): Undefined offset: 2 in [CORE/cake/libs/model/datasources/dbo_source.php, line 1267]
2013-11-02 13:00:46 Notice: Notice (8): Undefined offset: 3 in [CORE/cake/libs/model/datasources/dbo_source.php, line 1267]
2013-11-02 13:00:46 Notice: Notice (8): Undefined offset: 4 in [CORE/cake/libs/model/datasources/dbo_source.php, line 1267]
2013-11-02 13:03:51 Notice: Notice (8): Undefined offset: 2 in [CORE/cake/libs/model/datasources/dbo_source.php, line 1267]
2013-11-02 13:03:51 Notice: Notice (8): Undefined offset: 3 in [CORE/cake/libs/model/datasources/dbo_source.php, line 1267]
2013-11-02 13:04:31 Notice: Notice (8): Undefined offset: 2 in [CORE/cake/libs/model/datasources/dbo_source.php, line 1267]
2013-11-02 13:04:31 Notice: Notice (8): Undefined offset: 3 in [CORE/cake/libs/model/datasources/dbo_source.php, line 1267]
2013-11-02 13:11:49 Notice: Notice (8): Undefined index: z in [APP/plugins/stats/controllers/stats_controller.php, line 175]
2013-11-02 13:11:49 Notice: Notice (8): Undefined index: z in [APP/plugins/stats/controllers/stats_controller.php, line 176]
2013-11-02 13:12:25 Notice: Notice (8): Undefined index: z in [APP/plugins/stats/controllers/stats_controller.php, line 175]
2013-11-02 13:12:25 Notice: Notice (8): Undefined index: z in [APP/plugins/stats/controllers/stats_controller.php, line 176]
2013-11-02 13:13:29 Notice: Notice (8): Undefined index: z in [APP/plugins/stats/controllers/stats_controller.php, line 172]
2013-11-02 13:13:29 Notice: Notice (8): Undefined index: z in [APP/plugins/stats/controllers/stats_controller.php, line 173]
2013-11-02 13:15:19 Notice: Notice (8): Undefined variable: fechas in [APP/plugins/stats/controllers/stats_controller.php, line 171]
2013-11-02 13:15:40 Notice: Notice (8): Undefined index: Mozo in [APP/plugins/stats/controllers/stats_controller.php, line 171]
2013-11-02 13:15:40 Notice: Notice (8): Undefined index: Mozo in [APP/plugins/stats/views/stats/mozos_total.ctp, line 87]
2013-11-02 13:15:40 Notice: Notice (8): Undefined index: Mozo in [APP/plugins/stats/views/stats/mozos_total.ctp, line 88]
2013-11-02 13:16:08 Notice: Notice (8): Undefined index: Mozo in [APP/plugins/stats/controllers/stats_controller.php, line 171]
2013-11-02 13:16:08 Notice: Notice (8): Undefined index: Mozo in [APP/plugins/stats/views/stats/mozos_total.ctp, line 87]
2013-11-02 13:16:08 Notice: Notice (8): Undefined index: Mozo in [APP/plugins/stats/views/stats/mozos_total.ctp, line 88]
2013-11-02 13:16:54 Notice: Notice (8): Undefined index: Mozo in [APP/plugins/stats/controllers/stats_controller.php, line 171]
2013-11-02 13:16:54 Notice: Notice (8): Undefined index: Mozo in [APP/plugins/stats/views/stats/mozos_total.ctp, line 87]
2013-11-02 13:16:54 Notice: Notice (8): Undefined index: Mozo in [APP/plugins/stats/views/stats/mozos_total.ctp, line 88]
2013-11-02 13:17:50 Notice: Notice (8): Undefined index: Mozo in [APP/plugins/stats/controllers/stats_controller.php, line 170]
2013-11-02 13:17:50 Notice: Notice (8): Undefined index: Mozo in [APP/plugins/stats/views/stats/mozos_total.ctp, line 87]
2013-11-02 13:17:50 Notice: Notice (8): Undefined index: Mozo in [APP/plugins/stats/views/stats/mozos_total.ctp, line 88]
2013-11-02 13:18:23 Notice: Notice (8): Undefined index: Mozo in [APP/plugins/stats/controllers/stats_controller.php, line 170]
2013-11-02 13:18:23 Notice: Notice (8): Undefined index: Mozo in [APP/plugins/stats/views/stats/mozos_total.ctp, line 87]
2013-11-02 13:18:23 Notice: Notice (8): Undefined index: Mozo in [APP/plugins/stats/views/stats/mozos_total.ctp, line 88]
2013-11-02 13:35:20 Notice: Notice (8): Undefined index: fecha in [APP/plugins/stats/controllers/stats_controller.php, line 175]
2013-11-02 13:35:20 Notice: Notice (8): Undefined index: total in [APP/plugins/stats/views/stats/mozos_total.ctp, line 88]
2013-11-02 13:35:51 Notice: Notice (8): Undefined index: total in [APP/plugins/stats/views/stats/mozos_total.ctp, line 88]
2013-11-02 13:35:57 Notice: Notice (8): Undefined index: total in [APP/plugins/stats/views/stats/mozos_total.ctp, line 87]
2013-11-02 13:43:35 Notice: Notice (8): Undefined index: subtotal in [APP/plugins/cashier/controllers/cashier_controller.php, line 29]
2013-11-02 13:43:35 Notice: Notice (8): Undefined index: subtotal in [APP/plugins/cashier/controllers/cashier_controller.php, line 30]
2013-11-02 13:44:00 Notice: Notice (8): Undefined index: subtotal in [APP/plugins/cashier/controllers/cashier_controller.php, line 29]
2013-11-02 13:44:00 Notice: Notice (8): Undefined index: subtotal in [APP/plugins/cashier/controllers/cashier_controller.php, line 30]
2013-11-02 13:44:37 Notice: Notice (8): Undefined index: subtotal in [APP/plugins/cashier/controllers/cashier_controller.php, line 29]
2013-11-02 14:43:37 Notice: Notice (8): A non well formed numeric value encountered in [APP/plugins/stats/views/stats/mesas_total.ctp, line 175]
2013-11-02 14:48:34 Notice: Notice (8): Undefined index: monto_iva in [APP/plugins/stats/controllers/stats_controller.php, line 67]
2013-11-02 14:48:34 Notice: Notice (8): Undefined index: monto_neto in [APP/plugins/stats/controllers/stats_controller.php, line 68]
2013-11-02 14:48:34 Notice: Notice (8): Undefined variable: zeta_iva_total in [APP/plugins/stats/views/stats/mesas_total.ctp, line 53]
2013-11-02 14:48:34 Notice: Notice (8): Undefined variable: zeta_neto_total in [APP/plugins/stats/views/stats/mesas_total.ctp, line 54]
2013-11-02 14:49:01 Notice: Notice (8): Undefined index: monto_iva in [APP/plugins/stats/controllers/stats_controller.php, line 68]
2013-11-02 14:49:01 Notice: Notice (8): Undefined index: monto_neto in [APP/plugins/stats/controllers/stats_controller.php, line 69]
2013-11-02 14:49:01 Notice: Notice (8): Undefined variable: zeta_iva_total in [APP/plugins/stats/views/stats/mesas_total.ctp, line 53]
2013-11-02 14:49:01 Notice: Notice (8): Undefined variable: zeta_neto_total in [APP/plugins/stats/views/stats/mesas_total.ctp, line 54]
2013-11-02 14:49:12 Notice: Notice (8): Undefined variable: zeta_iva_total in [APP/plugins/stats/views/stats/mesas_total.ctp, line 53]
2013-11-02 14:49:12 Notice: Notice (8): Undefined variable: zeta_neto_total in [APP/plugins/stats/views/stats/mesas_total.ctp, line 54]
2013-11-02 14:49:55 Notice: Notice (8): Undefined variable: zeta_iva_total in [APP/plugins/stats/views/stats/mesas_total.ctp, line 53]
2013-11-02 14:49:55 Notice: Notice (8): Undefined variable: zeta_neto_total in [APP/plugins/stats/views/stats/mesas_total.ctp, line 54]
2013-11-02 20:50:48 Notice: Notice (8): Undefined index: Egreso in [APP/plugins/stats/controllers/stats_controller.php, line 65]
2013-11-02 20:51:19 Notice: Notice (8): Undefined index: Egreso in [APP/plugins/stats/controllers/stats_controller.php, line 66]
2013-11-02 20:51:38 Notice: Notice (8): Undefined index: Egreso in [APP/plugins/stats/controllers/stats_controller.php, line 66]
2013-11-02 20:51:41 Notice: Notice (8): Undefined index: Egreso in [APP/plugins/stats/controllers/stats_controller.php, line 66]
2013-11-04 12:51:06 Notice: Notice (8): unserialize() [<a href='http://php.net/function.unserialize'>function.unserialize</a>]: Error at offset 8204 of 47938 bytes in [CORE/cake/libs/cache/file.php, line 192]
2013-11-04 14:14:57 Notice: Notice (8): Array to string conversion in [APP/plugins/account/views/egresos/history.ctp, line 11]
2013-11-04 14:16:00 Notice: Notice (8): Array to string conversion in [APP/plugins/account/views/egresos/history.ctp, line 12]
2013-11-04 14:16:14 Notice: Notice (8): Array to string conversion in [APP/plugins/account/views/egresos/history.ctp, line 13]
2013-11-04 14:16:45 Notice: Notice (8): Array to string conversion in [APP/plugins/account/views/egresos/history.ctp, line 15]
2013-11-04 14:18:01 Notice: Notice (8): Array to string conversion in [APP/plugins/account/views/egresos/history.ctp, line 15]
2013-11-04 14:18:19 Notice: Notice (8): Array to string conversion in [APP/plugins/account/views/egresos/history.ctp, line 17]
2013-11-04 14:20:31 Notice: Notice (8): Array to string conversion in [APP/plugins/account/views/egresos/history.ctp, line 17]
2013-11-04 14:20:42 Notice: Notice (8): Array to string conversion in [APP/plugins/account/views/egresos/history.ctp, line 17]
2013-11-04 14:21:07 Notice: Notice (8): Array to string conversion in [APP/plugins/account/views/egresos/history.ctp, line 17]
2013-11-04 14:21:15 Notice: Notice (8): Array to string conversion in [APP/plugins/account/views/egresos/history.ctp, line 17]
2013-11-04 14:21:31 Notice: Notice (8): Undefined index: url in [APP/plugins/account/views/egresos/history.ctp, line 17]
2013-11-04 14:21:38 Notice: Notice (8): Undefined index: url in [APP/plugins/account/views/egresos/history.ctp, line 17]
2013-11-04 14:21:44 Notice: Notice (8): Undefined index: url in [APP/plugins/account/views/egresos/history.ctp, line 17]
2013-11-04 14:22:01 Notice: Notice (8): Undefined index: url in [APP/plugins/account/views/egresos/history.ctp, line 17]
2013-11-04 14:22:34 Notice: Notice (8): Undefined index: url in [APP/plugins/account/views/egresos/history.ctp, line 15]
2013-11-05 14:44:20 Notice: Notice (8): unserialize() [<a href='http://php.net/function.unserialize'>function.unserialize</a>]: Error at offset 8155 of 8181 bytes in [CORE/cake/libs/cache/file.php, line 192]
2013-11-05 15:37:10 Notice: Notice (8): Undefined variable: linkPagar in [APP/plugins/account/views/gastos/history.ctp, line 148]
2013-11-05 15:37:14 Notice: Notice (8): Undefined variable: linkPagar in [APP/plugins/account/views/gastos/history.ctp, line 148]
2013-11-05 18:51:53 Notice: Notice (8): Undefined index: type in [APP/views/helpers/form.php, line 203]
2013-11-05 18:51:53 Notice: Notice (8): Undefined index: type in [APP/views/helpers/form.php, line 220]
2013-11-05 18:51:53 Notice: Notice (8): Undefined index: default in [APP/views/helpers/form.php, line 225]
2013-11-05 19:53:14 Notice: Notice (8): Undefined offset: 0 in [APP/models/user.php, line 123]
2013-11-05 19:56:16 Notice: Notice (8): Undefined offset: 0 in [APP/models/user.php, line 123]
2013-11-05 19:57:11 Notice: Notice (8): Undefined offset: 0 in [APP/models/user.php, line 123]
2013-11-05 19:58:15 Notice: Notice (8): Undefined offset: 0 in [APP/models/user.php, line 124]
2013-11-06 11:40:43 Notice: Notice (8): Undefined variable: class in [APP/views/detalle_comandas/index.ctp, line 54]
2013-11-06 11:50:29 Notice: Notice (8): Undefined variable: trclass in [APP/views/detalle_comandas/index.ctp, line 54]
2013-11-06 12:10:52 Notice: Notice (8): Undefined variable: money in [APP/views/detalle_comandas/index.ctp, line 58]
2013-11-06 12:22:49 Notice: Notice (8): Undefined variable: id in [APP/controllers/users_controller.php, line 131]
2013-11-06 12:22:53 Notice: Notice (8): Undefined variable: id in [APP/controllers/users_controller.php, line 170]
2013-11-06 17:17:06 Notice: Notice (8): unserialize() [<a href='http://php.net/function.unserialize'>function.unserialize</a>]: Error at offset 8204 of 56164 bytes in [CORE/cake/libs/cache/file.php, line 192]
2013-11-06 19:12:09 Notice: Notice (8): Undefined property: NumberHelper::$currency in [APP/plugins/account/views/gastos/history.ctp, line 133]
2013-11-06 19:28:23 Notice: Notice (8): Undefined variable: class in [APP/plugins/account/views/gastos/history.ctp, line 91]
2013-11-06 19:30:22 Notice: Notice (8): Undefined variable: class in [APP/plugins/account/views/gastos/history.ctp, line 91]
2013-11-06 19:34:37 Notice: Notice (8): Undefined variable: class in [APP/plugins/account/views/gastos/history.ctp, line 91]
2013-11-06 19:35:06 Notice: Notice (8): unserialize() [<a href='http://php.net/function.unserialize'>function.unserialize</a>]: Error at offset 8262 of 56164 bytes in [CORE/cake/libs/cache/file.php, line 192]
2013-11-06 19:35:07 Notice: Notice (8): Undefined variable: class in [APP/plugins/account/views/gastos/history.ctp, line 91]
2013-11-06 19:35:55 Notice: Notice (8): Undefined variable: class in [APP/plugins/account/views/gastos/history.ctp, line 91]
2013-11-06 20:48:06 Notice: Notice (8): Undefined variable: html5form in [APP/plugins/account/views/gastos/add.ctp, line 92]
2013-11-06 20:48:18 Notice: Notice (8): Undefined variable: html5 in [APP/plugins/account/views/gastos/add.ctp, line 92]
2013-11-07 00:16:42 Notice: Notice (8): Undefined index: TipoFactura in [APP/plugins/account/views/cierres/view.ctp, line 25]
2013-11-07 00:16:42 Notice: Notice (8): Undefined index: Gasto in [APP/plugins/account/views/cierres/view.ctp, line 25]
2013-11-07 00:16:42 Notice: Notice (8): Undefined index: Proveedor in [APP/plugins/account/views/cierres/view.ctp, line 26]
2013-11-07 00:16:42 Notice: Notice (8): Undefined index: Gasto in [APP/plugins/account/views/cierres/view.ctp, line 44]
2013-11-07 00:16:42 Notice: Notice (8): Undefined index: Clasificacion in [APP/plugins/account/views/cierres/view.ctp, line 45]
2013-11-07 00:16:42 Notice: Notice (8): Undefined index: Gasto in [APP/plugins/account/views/cierres/view.ctp, line 46]
2013-11-07 00:16:42 Notice: Notice (8): Undefined index: Gasto in [APP/plugins/account/views/cierres/view.ctp, line 51]
2013-11-07 00:16:42 Notice: Notice (8): Undefined index: Gasto in [APP/plugins/account/views/cierres/view.ctp, line 55]
2013-11-07 00:16:42 Notice: Notice (8): Undefined index: Gasto in [APP/plugins/account/views/cierres/view.ctp, line 70]
2013-11-07 00:16:42 Notice: Notice (8): Undefined index: Gasto in [APP/plugins/account/views/cierres/view.ctp, line 79]
2013-11-07 00:16:42 Notice: Notice (8): Undefined index: Gasto in [APP/plugins/account/views/cierres/view.ctp, line 88]
2013-11-07 00:16:42 Notice: Notice (8): Undefined index: Gasto in [APP/plugins/account/views/cierres/view.ctp, line 96]
2013-11-07 00:19:09 Notice: Notice (8): Undefined index: Gasto in [APP/plugins/account/views/cierres/view.ctp, line 25]
2013-11-07 00:19:09 Notice: Notice (8): Undefined index: Gasto in [APP/plugins/account/views/cierres/view.ctp, line 44]
2013-11-07 00:19:09 Notice: Notice (8): Undefined index: Clasificacion in [APP/plugins/account/views/cierres/view.ctp, line 45]
2013-11-07 00:19:09 Notice: Notice (8): Undefined index: Gasto in [APP/plugins/account/views/cierres/view.ctp, line 46]
2013-11-07 00:19:09 Notice: Notice (8): Undefined index: Gasto in [APP/plugins/account/views/cierres/view.ctp, line 51]
2013-11-07 00:19:09 Notice: Notice (8): Undefined index: Gasto in [APP/plugins/account/views/cierres/view.ctp, line 55]
2013-11-07 00:19:09 Notice: Notice (8): Undefined index: Gasto in [APP/plugins/account/views/cierres/view.ctp, line 70]
2013-11-07 00:19:09 Notice: Notice (8): Undefined index: Gasto in [APP/plugins/account/views/cierres/view.ctp, line 79]
2013-11-07 00:19:09 Notice: Notice (8): Undefined index: Gasto in [APP/plugins/account/views/cierres/view.ctp, line 88]
2013-11-07 00:19:09 Notice: Notice (8): Undefined index: Gasto in [APP/plugins/account/views/cierres/view.ctp, line 96]
2013-11-07 00:19:54 Notice: Notice (8): Undefined index: Clasificacion in [APP/plugins/account/views/cierres/view.ctp, line 45]
2013-11-07 00:19:54 Notice: Notice (8): Undefined index: importe_pagado in [APP/plugins/account/views/cierres/view.ctp, line 51]
2013-11-07 00:20:10 Notice: Notice (8): Undefined index: importe_pagado in [APP/plugins/account/views/cierres/view.ctp, line 51]
2013-11-07 00:23:07 Notice: Notice (8): Undefined index: name in [APP/plugins/account/views/cierres/view.ctp, line 35]
2013-11-07 00:23:07 Notice: Notice (8): Undefined index: id in [APP/plugins/account/views/cierres/view.ctp, line 35]
2013-11-07 00:58:50 Notice: Notice (8): Undefined variable: sumatoria in [APP/plugins/account/views/egresos/history.ctp, line 19]
2013-11-07 01:13:24 Notice: Notice (8): Undefined index: Egreso in [APP/plugins/account/views/gastos/history.ctp, line 135]
2013-11-07 01:20:59 Notice: Notice (8): Undefined variable: cant_gastos in [APP/plugins/account/views/egresos/add.ctp, line 2]
2013-11-07 01:20:59 Notice: Notice (8): Undefined variable: tipo_de_pagos in [APP/plugins/account/views/egresos/add.ctp, line 12]
2013-11-07 01:20:59 Notice: Notice (8): Undefined variable: suma_gastos in [APP/plugins/account/views/egresos/add.ctp, line 17]
2013-11-07 01:20:59 Notice: Notice (8): Undefined variable: gastos in [APP/plugins/account/views/egresos/add.ctp, line 38]
2013-11-07 01:23:05 Notice: Notice (8): Undefined variable: tipo_de_pagos in [APP/plugins/account/views/egresos/add.ctp, line 12]
2013-11-07 01:23:05 Notice: Notice (8): Undefined variable: suma_gastos in [APP/plugins/account/views/egresos/add.ctp, line 17]
2013-11-07 01:23:05 Notice: Notice (8): Undefined variable: gastos in [APP/plugins/account/views/egresos/add.ctp, line 38]
2013-11-07 01:23:16 Notice: Notice (8): Undefined variable: suma_gastos in [APP/plugins/account/views/egresos/add.ctp, line 17]
2013-11-07 01:23:16 Notice: Notice (8): Undefined variable: gastos in [APP/plugins/account/views/egresos/add.ctp, line 38]
2013-11-07 01:23:35 Notice: Notice (8): Undefined variable: suma_gastos in [APP/plugins/account/views/egresos/add.ctp, line 17]
2013-11-07 01:23:35 Notice: Notice (8): Undefined variable: gastos in [APP/plugins/account/views/egresos/add.ctp, line 39]
2013-11-07 01:25:20 Notice: Notice (8): Undefined variable: gastos in [APP/plugins/account/views/egresos/add.ctp, line 39]
2013-11-07 01:26:55 Notice: Notice (8): Undefined variable: gastos in [APP/plugins/account/views/egresos/add.ctp, line 51]
2013-11-07 01:27:40 Notice: Notice (8): Undefined variable: gastos in [APP/plugins/account/views/egresos/add.ctp, line 51]
2013-11-07 01:27:48 Notice: Notice (8): Undefined variable: gastos in [APP/plugins/account/views/egresos/add.ctp, line 51]
2013-11-07 01:28:20 Notice: Notice (8): Undefined variable: gastos in [APP/plugins/account/views/egresos/add.ctp, line 51]
2013-11-07 01:28:40 Notice: Notice (8): Undefined variable: gastos in [APP/plugins/account/views/egresos/add.ctp, line 51]
2013-11-07 01:28:47 Notice: Notice (8): Undefined variable: gastos in [APP/plugins/account/views/egresos/add.ctp, line 51]
2013-11-07 01:29:47 Notice: Notice (8): Undefined variable: gastos in [APP/plugins/account/views/egresos/add.ctp, line 58]
2013-11-07 01:47:45 Notice: Notice (8): Undefined variable: suma_gastos in [APP/plugins/account/views/egresos/add.ctp, line 10]
2013-11-07 03:20:08 Notice: Notice (8): Undefined variable: number in [APP/plugins/cash/views/arqueos/index.ctp, line 44]
2013-11-07 03:20:16 Notice: Notice (8): Undefined variable: numeric in [APP/plugins/cash/views/arqueos/index.ctp, line 44]
2013-11-07 03:27:40 Notice: Notice (8): Undefined index: class in [APP/views/helpers/form.php, line 790]
2013-11-07 12:09:00 Notice: Notice (8): Undefined variable: cajas in [APP/plugins/cash/views/arqueos/index.ctp, line 8]
2013-11-07 12:10:02 Notice: Notice (8): Array to string conversion in [APP/plugins/cash/views/arqueos/index.ctp, line 9]
2013-11-07 12:42:51 Notice: Notice (8): Undefined property: View::$controller in [APP/plugins/account/views/elements/menu.ctp, line 4]
2013-11-07 12:42:51 Notice: Notice (8): Undefined property: View::$controller in [APP/plugins/account/views/elements/menu.ctp, line 7]
2013-11-07 12:42:51 Notice: Notice (8): Undefined property: View::$controller in [APP/plugins/account/views/elements/menu.ctp, line 10]
2013-11-07 12:42:51 Notice: Notice (8): Undefined property: View::$controller in [APP/plugins/account/views/elements/menu.ctp, line 13]
2013-11-07 12:42:51 Notice: Notice (8): Undefined property: View::$controller in [APP/plugins/account/views/elements/menu.ctp, line 16]
2013-11-07 12:43:11 Notice: Notice (8): Undefined property: View::$controller in [APP/plugins/account/views/elements/menu.ctp, line 5]
2013-11-07 12:43:11 Notice: Notice (8): Undefined property: View::$controller in [APP/plugins/account/views/elements/menu.ctp, line 8]
2013-11-07 12:43:11 Notice: Notice (8): Undefined property: View::$controller in [APP/plugins/account/views/elements/menu.ctp, line 11]
2013-11-07 12:43:11 Notice: Notice (8): Undefined property: View::$controller in [APP/plugins/account/views/elements/menu.ctp, line 14]
2013-11-07 12:43:11 Notice: Notice (8): Undefined property: View::$controller in [APP/plugins/account/views/elements/menu.ctp, line 17]
2013-11-07 12:43:17 Notice: Notice (8): Undefined property: View::$controller in [APP/plugins/account/views/elements/menu.ctp, line 5]
2013-11-07 12:43:17 Notice: Notice (8): Undefined property: View::$controller in [APP/plugins/account/views/elements/menu.ctp, line 8]
2013-11-07 12:43:17 Notice: Notice (8): Undefined property: View::$controller in [APP/plugins/account/views/elements/menu.ctp, line 11]
2013-11-07 12:43:17 Notice: Notice (8): Undefined property: View::$controller in [APP/plugins/account/views/elements/menu.ctp, line 14]
2013-11-07 12:43:17 Notice: Notice (8): Undefined property: View::$controller in [APP/plugins/account/views/elements/menu.ctp, line 17]
2013-11-07 12:43:20 Notice: Notice (8): Undefined property: View::$controller in [APP/plugins/account/views/elements/menu.ctp, line 5]
2013-11-07 12:43:20 Notice: Notice (8): Undefined property: View::$controller in [APP/plugins/account/views/elements/menu.ctp, line 8]
2013-11-07 12:43:20 Notice: Notice (8): Undefined property: View::$controller in [APP/plugins/account/views/elements/menu.ctp, line 11]
2013-11-07 12:43:20 Notice: Notice (8): Undefined property: View::$controller in [APP/plugins/account/views/elements/menu.ctp, line 14]
2013-11-07 12:43:20 Notice: Notice (8): Undefined property: View::$controller in [APP/plugins/account/views/elements/menu.ctp, line 17]
2013-11-07 12:43:22 Notice: Notice (8): Undefined property: View::$controller in [APP/plugins/account/views/elements/menu.ctp, line 5]
2013-11-07 12:43:22 Notice: Notice (8): Undefined property: View::$controller in [APP/plugins/account/views/elements/menu.ctp, line 8]
2013-11-07 12:43:22 Notice: Notice (8): Undefined property: View::$controller in [APP/plugins/account/views/elements/menu.ctp, line 11]
2013-11-07 12:43:22 Notice: Notice (8): Undefined property: View::$controller in [APP/plugins/account/views/elements/menu.ctp, line 14]
2013-11-07 12:43:22 Notice: Notice (8): Undefined property: View::$controller in [APP/plugins/account/views/elements/menu.ctp, line 17]
2013-11-07 12:43:24 Notice: Notice (8): Undefined property: View::$controller in [APP/plugins/account/views/elements/menu.ctp, line 5]
2013-11-07 12:43:24 Notice: Notice (8): Undefined property: View::$controller in [APP/plugins/account/views/elements/menu.ctp, line 8]
2013-11-07 12:43:24 Notice: Notice (8): Undefined property: View::$controller in [APP/plugins/account/views/elements/menu.ctp, line 11]
2013-11-07 12:43:24 Notice: Notice (8): Undefined property: View::$controller in [APP/plugins/account/views/elements/menu.ctp, line 14]
2013-11-07 12:43:24 Notice: Notice (8): Undefined property: View::$controller in [APP/plugins/account/views/elements/menu.ctp, line 17]
2013-11-07 12:44:38 Notice: Notice (8): Undefined property: View::$controller in [APP/plugins/account/views/elements/menu.ctp, line 6]
2013-11-07 12:44:38 Notice: Notice (8): Undefined property: View::$controller in [APP/plugins/account/views/elements/menu.ctp, line 9]
2013-11-07 12:44:38 Notice: Notice (8): Undefined property: View::$controller in [APP/plugins/account/views/elements/menu.ctp, line 12]
2013-11-07 12:44:38 Notice: Notice (8): Undefined property: View::$controller in [APP/plugins/account/views/elements/menu.ctp, line 15]
2013-11-07 12:44:38 Notice: Notice (8): Undefined property: View::$controller in [APP/plugins/account/views/elements/menu.ctp, line 18]
2013-11-07 13:04:15 Notice: Notice (8): Undefined variable: conditions in [APP/plugins/cash/controllers/zetas_controller.php, line 20]
2013-11-07 13:44:17 Notice: Notice (8): Undefined variable: name in [APP/views/layouts/xls.ctp, line 20]
2013-11-07 13:45:38 Notice: Notice (8): Undefined variable: name in [APP/views/layouts/xls.ctp, line 20]
2013-11-07 13:46:32 Notice: Notice (8): Undefined variable: name in [APP/views/layouts/xls.ctp, line 20]
2013-11-07 13:57:25 Notice: Notice (8): Undefined variable: name in [APP/views/layouts/xls.ctp, line 20]
2013-11-07 13:57:54 Notice: Notice (8): Undefined variable: name in [APP/views/layouts/xls.ctp, line 20]
2013-11-07 14:06:23 Notice: Notice (8): Undefined variable: name in [APP/views/layouts/xls.ctp, line 20]
2013-11-07 14:08:03 Notice: Notice (8): Undefined variable: name in [APP/views/layouts/xls.ctp, line 20]
2013-11-07 14:10:33 Notice: Notice (8): Undefined variable: name in [APP/views/layouts/xls.ctp, line 18]
2013-11-07 14:12:29 Notice: Notice (8): Undefined variable: name in [APP/views/layouts/xls.ctp, line 19]
2013-11-07 15:34:05 Notice: Notice (8): Undefined offset: 2 in [APP/plugins/stats/controllers/stats_controller.php, line 53]
2013-11-07 15:34:05 Notice: Notice (8): Undefined offset: 1 in [APP/plugins/stats/controllers/stats_controller.php, line 53]
2013-11-07 15:34:05 Notice: Notice (8): Undefined offset: 2 in [APP/plugins/stats/controllers/stats_controller.php, line 56]
2013-11-07 15:34:05 Notice: Notice (8): Undefined offset: 1 in [APP/plugins/stats/controllers/stats_controller.php, line 56]
2013-11-07 15:36:24 Notice: Notice (8): Undefined variable: desde in [APP/plugins/stats/controllers/stats_controller.php, line 60]
2013-11-07 15:36:24 Notice: Notice (8): Undefined variable: hasta in [APP/plugins/stats/controllers/stats_controller.php, line 60]
2013-11-07 15:36:24 Notice: Notice (8): Undefined variable: desde in [APP/plugins/stats/controllers/stats_controller.php, line 77]
2013-11-07 15:36:24 Notice: Notice (8): Undefined variable: hasta in [APP/plugins/stats/controllers/stats_controller.php, line 77]
2013-11-07 15:36:24 Notice: Notice (8): Undefined variable: desde in [APP/plugins/stats/controllers/stats_controller.php, line 96]
2013-11-07 15:36:24 Notice: Notice (8): Undefined variable: hasta in [APP/plugins/stats/controllers/stats_controller.php, line 96]
2013-11-07 15:36:24 Notice: Notice (8): Undefined variable: desde in [APP/plugins/stats/controllers/stats_controller.php, line 132]
2013-11-07 15:36:24 Notice: Notice (8): Undefined variable: hasta in [APP/plugins/stats/controllers/stats_controller.php, line 132]
2013-11-07 15:36:24 Notice: Notice (8): Undefined variable: desde in [APP/plugins/stats/controllers/stats_controller.php, line 141]
2013-11-07 15:36:24 Notice: Notice (8): Undefined variable: hasta in [APP/plugins/stats/controllers/stats_controller.php, line 142]
2013-11-07 15:37:04 Notice: Notice (8): Undefined variable: desde in [APP/plugins/stats/controllers/stats_controller.php, line 60]
2013-11-07 15:37:04 Notice: Notice (8): Undefined variable: hasta in [APP/plugins/stats/controllers/stats_controller.php, line 60]
2013-11-07 16:19:37 Notice: Notice (8): Undefined offset: 2 in [APP/plugins/stats/controllers/stats_controller.php, line 171]
2013-11-07 16:19:37 Notice: Notice (8): Undefined offset: 1 in [APP/plugins/stats/controllers/stats_controller.php, line 171]
2013-11-07 16:19:37 Notice: Notice (8): Undefined offset: 2 in [APP/plugins/stats/controllers/stats_controller.php, line 174]
2013-11-07 16:19:37 Notice: Notice (8): Undefined offset: 1 in [APP/plugins/stats/controllers/stats_controller.php, line 174]
2013-11-07 16:56:25 Notice: Notice (8): A non well formed numeric value encountered in [APP/config/bootstrap.php, line 173]
2013-11-07 16:58:03 Notice: Notice (8): A non well formed numeric value encountered in [APP/config/bootstrap.php, line 173]
2013-11-07 16:58:44 Notice: Notice (8): A non well formed numeric value encountered in [APP/config/bootstrap.php, line 173]
2013-11-07 17:28:04 Notice: Notice (8): Array to string conversion in [APP/config/bootstrap.php, line 173]
2013-11-07 18:38:28 Notice: Notice (8): Undefined index: num in [APP/plugins/stats/controllers/stats_controller.php, line 175]
2013-11-07 18:43:01 Notice: Notice (8): Undefined variable: fechas in [APP/plugins/stats/controllers/stats_controller.php, line 188]
2013-11-07 18:43:01 Notice: Notice (8): Undefined variable: mozos in [APP/plugins/stats/controllers/stats_controller.php, line 189]
2013-11-08 17:48:36 Notice: Notice (8): unserialize() [<a href='http://php.net/function.unserialize'>function.unserialize</a>]: Error at offset 8155 of 8181 bytes in [CORE/cake/libs/cache/file.php, line 192]
2013-11-08 18:18:02 Notice: Notice (8): Undefined variable: c6 in [APP/plugins/account/views/elements/menu.ctp, line 45]
2013-11-08 18:18:02 Notice: Notice (8): Undefined variable: c7 in [APP/plugins/account/views/elements/menu.ctp, line 49]
2013-11-08 18:34:48 Notice: Notice (8): Array to string conversion in [APP/plugins/account/models/gasto.php, line 119]
2013-11-08 18:41:35 Notice: Notice (8): Undefined variable: cuit in [APP/plugins/account/models/gasto.php, line 121]
2013-11-08 18:56:40 Notice: Notice (8): Array to string conversion in [APP/views/helpers/form.php, line 869]
2013-11-08 18:56:50 Notice: Notice (8): Array to string conversion in [APP/views/helpers/form.php, line 869]
2013-11-08 18:56:55 Notice: Notice (8): Array to string conversion in [APP/views/helpers/form.php, line 869]
2013-11-08 23:58:48 Notice: Notice (8): Undefined variable: horarioCorte in [APP/plugins/stats/controllers/stats_controller.php, line 214]
2013-11-08 23:58:48 Notice: Notice (8): Undefined variable: horarioCorte in [APP/plugins/stats/controllers/stats_controller.php, line 218]
2013-11-08 23:58:48 Notice: Notice (8): Undefined variable: horarioCorte in [APP/plugins/stats/controllers/stats_controller.php, line 219]
2013-11-09 00:21:00 Notice: Notice (8): Undefined index: name in [APP/plugins/stats/controllers/stats_controller.php, line 249]
2013-11-09 00:21:00 Notice: Notice (8): Undefined index: image_url in [APP/plugins/stats/controllers/stats_controller.php, line 250]
2013-11-09 00:21:00 Notice: Notice (8): Undefined index: fecha in [APP/plugins/stats/controllers/stats_controller.php, line 267]
2013-11-09 00:21:00 Notice: Notice (8): Undefined index: Mozo in [APP/plugins/stats/controllers/stats_controller.php, line 267]
2013-11-09 00:21:11 Notice: Notice (8): Undefined index: fecha in [APP/plugins/stats/controllers/stats_controller.php, line 267]
2013-11-09 00:21:11 Notice: Notice (8): Undefined index: Mozo in [APP/plugins/stats/controllers/stats_controller.php, line 267]
2013-11-09 00:21:24 Notice: Notice (8): Undefined index: fecha in [APP/plugins/stats/controllers/stats_controller.php, line 266]
2013-11-09 00:21:24 Notice: Notice (8): Undefined index: Mozo in [APP/plugins/stats/controllers/stats_controller.php, line 266]
2013-11-09 00:22:15 Notice: Notice (8): Undefined index: fecha in [APP/plugins/stats/controllers/stats_controller.php, line 266]
2013-11-09 00:22:15 Notice: Notice (8): Undefined index: Mozo in [APP/plugins/stats/controllers/stats_controller.php, line 266]
2013-11-09 00:22:31 Notice: Notice (8): Undefined index: fecha in [APP/plugins/stats/controllers/stats_controller.php, line 266]
2013-11-14 18:57:20 Notice: Notice (8): Undefined property: ProveedoresController::$data in [CORE/cake/libs/view/view.php, line 269]
2013-11-15 15:27:46 Notice: Notice (8): Undefined index: TipoDePago in [APP/plugins/account/views/egresos/view.ctp, line 9]
2013-11-17 13:17:59 Notice: Notice (8): Undefined index: cant in [APP/plugins/cash/views/arqueos/add.ctp, line 36]
2013-11-17 13:18:24 Notice: Notice (8): Undefined index: cant in [APP/plugins/cash/views/arqueos/add.ctp, line 36]
2013-11-17 13:18:40 Notice: Notice (8): Undefined index: cant in [APP/plugins/cash/views/arqueos/add.ctp, line 36]
2013-11-17 13:19:01 Notice: Notice (8): Undefined index: cant in [APP/plugins/cash/views/arqueos/add.ctp, line 36]
2013-11-17 13:20:36 Notice: Notice (8): Undefined index: cant in [APP/plugins/cash/views/arqueos/add.ctp, line 36]
2013-11-17 13:26:03 Notice: Notice (8): Undefined index: cant in [APP/plugins/cash/views/arqueos/add.ctp, line 41]
2013-11-17 13:26:03 Notice: Notice (8): Undefined index: cant in [APP/plugins/cash/views/arqueos/add.ctp, line 64]
2013-11-17 13:28:15 Notice: Notice (8): Undefined index: cant in [APP/plugins/cash/views/arqueos/add.ctp, line 41]
2013-11-17 13:28:15 Notice: Notice (8): Undefined index: cant in [APP/plugins/cash/views/arqueos/add.ctp, line 64]
2013-11-17 13:31:13 Notice: Notice (8): Undefined index: cant in [APP/plugins/cash/views/arqueos/add.ctp, line 41]
2013-11-17 13:31:13 Notice: Notice (8): Undefined index: cant in [APP/plugins/cash/views/arqueos/add.ctp, line 64]
2013-11-17 13:31:59 Notice: Notice (8): Undefined index: cant in [APP/plugins/cash/views/arqueos/add.ctp, line 41]
2013-11-17 13:31:59 Notice: Notice (8): Undefined index: cant in [APP/plugins/cash/views/arqueos/add.ctp, line 64]
2013-11-17 13:32:29 Notice: Notice (8): Undefined index: cant in [APP/plugins/cash/views/arqueos/add.ctp, line 41]
2013-11-17 13:32:29 Notice: Notice (8): Undefined index: cant in [APP/plugins/cash/views/arqueos/add.ctp, line 64]
2013-11-17 14:02:59 Notice: Notice (8): Undefined index: Mozo in [APP/views/pagos/index.ctp, line 34]
2013-11-17 14:03:13 Notice: Notice (8): Undefined index: Mozo in [APP/views/pagos/index.ctp, line 35]
2013-11-17 14:03:34 Notice: Notice (8): Undefined index: Mozo in [APP/views/pagos/index.ctp, line 35]
2013-11-17 14:07:49 Notice: Notice (8): Undefined index: file in [APP/views/pagos/index.ctp, line 41]
2013-11-17 14:07:58 Notice: Notice (8): Undefined index: file in [APP/views/pagos/index.ctp, line 42]
2013-11-17 14:09:41 Notice: Notice (8): Undefined variable: number in [APP/views/pagos/index.ctp, line 44]
2013-11-17 14:11:11 Notice: Notice (8): A non well formed numeric value encountered in [APP/views/pagos/index.ctp, line 48]
2014-04-11 16:03:28 Notice: Notice (8): Undefined index: DetalleSabor in [APP/controllers/detalle_comandas_controller.php, line 138]
2014-04-11 16:03:28 Notice: Notice (8): Undefined index: DetalleSabor in [APP/controllers/detalle_comandas_controller.php, line 138]
2014-04-11 16:03:34 Notice: Notice (8): Undefined variable: header in [APP/vendors/ticket_templates/pre_ticket_comandera.php, line 9]
2014-04-12 12:07:30 Notice: Notice (8): Undefined index: importe in [APP/plugins/account/views/egresos/view.ctp, line 32]
2014-04-12 12:08:45 Notice: Notice (8): Undefined index: valor in [APP/plugins/account/views/egresos/view.ctp, line 32]
2014-04-12 12:09:18 Notice: Notice (8): Undefined index: valor in [APP/plugins/account/views/egresos/view.ctp, line 33]
2014-04-12 12:29:50 Notice: Notice (8): Undefined index: AccountEgresoGasto in [APP/plugins/account/views/egresos/history.ctp, line 84]
2014-04-12 12:30:01 Notice: Notice (8): Undefined index: AccountEgresoGasto in [APP/plugins/account/views/egresos/history.ctp, line 85]
2014-04-12 13:12:48 Notice: Notice (8): Undefined index: numero in [APP/controllers/mesas_controller.php, line 337]
2014-04-12 13:12:48 Notice: Notice (8): Undefined variable: mx in [APP/controllers/mesas_controller.php, line 337]
2014-04-12 13:12:58 Notice: Notice (8): Undefined index: numero in [APP/controllers/mesas_controller.php, line 338]
2014-04-12 13:12:58 Notice: Notice (8): Undefined variable: mx in [APP/controllers/mesas_controller.php, line 338]
2014-04-12 13:13:21 Notice: Notice (8): Undefined variable: mx in [APP/controllers/mesas_controller.php, line 338]
2014-04-12 13:13:35 Notice: Notice (8): Undefined variable: mx in [APP/controllers/mesas_controller.php, line 339]
2014-04-12 13:35:03 Notice: Notice (8): Undefined variable: number in [APP/views/productos/index.ctp, line 83]
2014-04-12 14:01:32 Notice: Notice (8): Undefined property: Producto::$ProductoPrecioFuturo in [APP/controllers/productos_controller.php, line 267]
2014-04-13 13:13:18 Notice: Notice (8): Undefined property: PagosController::$Mesa in [APP/controllers/pagos_controller.php, line 38]
2014-04-13 13:13:18 Notice: Notice (8): Trying to get property of non-object in [APP/controllers/pagos_controller.php, line 38]
2014-04-13 13:13:35 Notice: Notice (8): Undefined property: Pago::$Mozo in [APP/controllers/pagos_controller.php, line 38]
2014-04-13 13:13:36 Notice: Notice (8): Undefined property: Pago::$Mozo in [APP/controllers/pagos_controller.php, line 38]
2014-04-13 13:36:54 Notice: Notice (8): Array to string conversion in [CORE/cake/libs/router.php, line 951]
2014-04-13 13:36:54 Notice: Notice (8): Array to string conversion in [CORE/cake/libs/router.php, line 896]
2014-04-13 13:37:45 Notice: Notice (8): Array to string conversion in [CORE/cake/libs/router.php, line 951]
2014-04-13 13:37:45 Notice: Notice (8): Array to string conversion in [CORE/cake/libs/router.php, line 896]
2014-04-13 15:16:18 Notice: Notice (8): Undefined property: UsersController::$request in [APP/controllers/users_controller.php, line 14]
2014-04-13 15:16:41 Notice: Notice (8): Undefined property: UsersController::$Request in [APP/controllers/users_controller.php, line 14]
2014-04-13 15:17:06 Notice: Notice (8): Undefined property: UsersController::$Request in [APP/controllers/users_controller.php, line 15]
2014-04-13 15:17:08 Notice: Notice (8): Undefined property: UsersController::$Request in [APP/controllers/users_controller.php, line 15]
2014-04-13 15:17:27 Notice: Notice (8): Undefined index: grupo in [APP/views/users/index.ctp, line 48]
2014-04-13 15:19:52 Notice: Notice (8): Undefined property: View::$Html in [APP/views/users/index.ctp, line 54]
2014-04-13 15:34:58 Notice: Notice (8): Undefined property: UsersController::$request in [APP/controllers/users_controller.php, line 17]
2014-04-13 15:34:58 Notice: Notice (8): Trying to get property of non-object in [APP/controllers/users_controller.php, line 17]
2014-04-13 15:34:58 Notice: Notice (8): Undefined property: UsersController::$request in [APP/controllers/users_controller.php, line 18]
2014-04-13 15:34:58 Notice: Notice (8): Trying to get property of non-object in [APP/controllers/users_controller.php, line 18]
2014-04-13 15:34:58 Notice: Notice (8): Undefined property: UsersController::$request in [APP/controllers/users_controller.php, line 19]
2014-04-13 15:34:58 Notice: Notice (8): Trying to get property of non-object in [APP/controllers/users_controller.php, line 19]
2014-04-13 15:36:01 Notice: Notice (8): Undefined index: Mozo in [APP/views/users/view.ctp, line 60]
2014-04-13 15:36:23 Notice: Notice (8): Undefined variable: id in [APP/controllers/users_controller.php, line 60]
2014-04-13 15:36:57 Notice: Notice (8): Undefined variable: id in [APP/controllers/users_controller.php, line 60]
2014-04-13 15:58:15 Notice: Notice (8): Undefined property: RolesController::$request in [APP/controllers/roles_controller.php, line 62]
2014-04-13 15:59:53 Notice: Notice (8): Undefined property: View::$Form in [APP/views/roles/edit.ctp, line 2]
2014-04-13 16:04:03 Notice: Notice (8): Undefined property: View::$Form in [APP/views/roles/add.ctp, line 2]
2014-04-13 16:05:15 Notice: Notice (8): Undefined property: RolesController::$request in [APP/controllers/roles_controller.php, line 82]
2014-04-13 16:06:48 Notice: Notice (8): Array to string conversion in [CORE/cake/libs/view/view.php, line 846]
2014-04-13 16:06:48 Notice: Notice (8): Undefined variable: javascript in [APP/views/layouts/default.ctp, line 25]
2014-04-13 16:07:27 Notice: Notice (8): Array to string conversion in [CORE/cake/libs/view/view.php, line 846]
2014-04-13 16:07:27 Notice: Notice (8): Undefined variable: javascript in [APP/views/layouts/default.ctp, line 25]
2014-04-13 16:07:30 Notice: Notice (8): Array to string conversion in [CORE/cake/libs/view/view.php, line 846]
2014-04-13 16:07:30 Notice: Notice (8): Undefined variable: javascript in [APP/views/layouts/default.ctp, line 25]
2014-04-13 16:08:26 Notice: Notice (8): Array to string conversion in [CORE/cake/libs/view/view.php, line 846]
2014-04-13 16:08:26 Notice: Notice (8): Undefined variable: javascript in [APP/views/layouts/default.ctp, line 25]
2014-04-13 16:08:29 Notice: Notice (8): Array to string conversion in [CORE/cake/libs/view/view.php, line 846]
2014-04-13 16:08:29 Notice: Notice (8): Undefined variable: javascript in [APP/views/layouts/default.ctp, line 25]
2014-04-13 16:08:30 Notice: Notice (8): Array to string conversion in [CORE/cake/libs/view/view.php, line 846]
2014-04-13 16:08:30 Notice: Notice (8): Undefined variable: javascript in [APP/views/layouts/default.ctp, line 25]
2014-04-13 16:08:30 Notice: Notice (8): Array to string conversion in [CORE/cake/libs/view/view.php, line 846]
2014-04-13 16:08:30 Notice: Notice (8): Undefined variable: javascript in [APP/views/layouts/default.ctp, line 25]
2014-04-13 16:08:34 Notice: Notice (8): Array to string conversion in [CORE/cake/libs/view/view.php, line 846]
2014-04-13 16:08:34 Notice: Notice (8): Undefined variable: javascript in [APP/views/layouts/default.ctp, line 25]
2014-04-13 16:08:34 Notice: Notice (8): Array to string conversion in [CORE/cake/libs/view/view.php, line 846]
2014-04-13 16:08:34 Notice: Notice (8): Undefined variable: javascript in [APP/views/layouts/default.ctp, line 25]
2014-04-13 16:08:36 Notice: Notice (8): Array to string conversion in [CORE/cake/libs/view/view.php, line 846]
2014-04-13 16:08:36 Notice: Notice (8): Undefined variable: javascript in [APP/views/layouts/default.ctp, line 25]
2014-04-13 16:08:37 Notice: Notice (8): Array to string conversion in [CORE/cake/libs/view/view.php, line 846]
2014-04-13 16:08:37 Notice: Notice (8): Undefined variable: javascript in [APP/views/layouts/default.ctp, line 25]
2014-04-13 16:08:54 Notice: Notice (8): Array to string conversion in [CORE/cake/libs/view/view.php, line 846]
2014-04-13 16:08:54 Notice: Notice (8): Undefined variable: javascript in [APP/views/layouts/default.ctp, line 24]
2014-04-13 16:08:54 Notice: Notice (8): Array to string conversion in [CORE/cake/libs/view/view.php, line 846]
2014-04-13 16:08:55 Notice: Notice (8): Undefined variable: javascript in [APP/views/layouts/default.ctp, line 24]
2014-04-13 16:09:42 Notice: Notice (8): Array to string conversion in [CORE/cake/libs/view/view.php, line 846]
2014-04-13 16:09:42 Notice: Notice (8): Undefined variable: javascript in [APP/views/layouts/default.ctp, line 24]
2014-04-13 16:09:43 Notice: Notice (8): Array to string conversion in [CORE/cake/libs/view/view.php, line 846]
2014-04-13 16:09:43 Notice: Notice (8): Undefined variable: javascript in [APP/views/layouts/default.ctp, line 24]
2014-04-13 16:10:13 Notice: Notice (8): Array to string conversion in [CORE/cake/libs/view/view.php, line 846]
2014-04-13 16:10:13 Notice: Notice (8): Undefined variable: javascript in [APP/views/layouts/default.ctp, line 24]
2014-04-13 16:10:13 Notice: Notice (8): Undefined variable: javascript in [APP/views/layouts/default.ctp, line 25]
2014-04-13 16:10:14 Notice: Notice (8): Array to string conversion in [CORE/cake/libs/view/view.php, line 846]
2014-04-13 16:10:14 Notice: Notice (8): Undefined variable: javascript in [APP/views/layouts/default.ctp, line 24]
2014-04-13 16:10:14 Notice: Notice (8): Undefined variable: javascript in [APP/views/layouts/default.ctp, line 25]
2014-04-13 16:10:25 Notice: Notice (8): Array to string conversion in [CORE/cake/libs/view/view.php, line 846]
2014-04-13 16:10:25 Notice: Notice (8): Undefined variable: javascript in [APP/views/layouts/default.ctp, line 25]
2014-04-13 16:10:25 Notice: Notice (8): Array to string conversion in [CORE/cake/libs/view/view.php, line 846]
2014-04-13 16:10:25 Notice: Notice (8): Undefined variable: javascript in [APP/views/layouts/default.ctp, line 25]
2014-04-13 16:10:54 Notice: Notice (8): Array to string conversion in [CORE/cake/libs/view/view.php, line 846]
2014-04-13 16:10:54 Notice: Notice (8): Undefined variable: javascript in [APP/views/layouts/default.ctp, line 25]
2014-04-13 16:10:54 Notice: Notice (8): Array to string conversion in [CORE/cake/libs/view/view.php, line 846]
2014-04-13 16:10:54 Notice: Notice (8): Undefined variable: javascript in [APP/views/layouts/default.ctp, line 25]
2014-04-13 16:28:16 Notice: Notice (8): Array to string conversion in [CORE/cake/libs/view/view.php, line 846]
2014-04-13 16:28:16 Notice: Notice (8): Undefined variable: javascript in [APP/views/layouts/default.ctp, line 25]
2014-04-13 16:43:08 Notice: Notice (8): Undefined property: View::$Html in [APP/views/mozos/index.ctp, line 55]
2014-04-13 16:43:20 Notice: Notice (8): Undefined property: View::$Html in [APP/views/mozos/index.ctp, line 55]
2014-04-13 16:43:35 Notice: Notice (8): Undefined property: View::$Html in [APP/views/mozos/index.ctp, line 54]
2014-04-13 16:55:00 Notice: Notice (8): Undefined property: MozosController::$request in [APP/controllers/mozos_controller.php, line 56]
2014-04-13 17:31:00 Notice: Notice (8): Constant THUMBNAIL_IMAGE_MAX_WIDTH already defined in [APP/config/bootstrap.php, line 194]
2014-04-13 17:31:00 Notice: Notice (8): Constant THUMBNAIL_IMAGE_MAX_HEIGHT already defined in [APP/config/bootstrap.php, line 195]
2014-04-13 17:37:28 Notice: Notice (8): Undefined variable: source_gd_image in [APP/config/bootstrap.php, line 207]
2014-04-13 17:37:28 Notice: Notice (8): Undefined variable: source_gd_image in [APP/config/bootstrap.php, line 223]
2014-04-13 17:37:28 Notice: Notice (8): Undefined variable: source_gd_image in [APP/config/bootstrap.php, line 225]
2014-04-13 17:39:52 Notice: Notice (8): Undefined property: Mesa::$defaultContain in [APP/models/mozo.php, line 104]
2014-04-13 17:39:52 Notice: Notice (8): Undefined index: Mesa in [APP/controllers/mozos_controller.php, line 110]
2014-04-13 17:40:39 Notice: Notice (8): Undefined index: User in [APP/views/clientes/index.ctp, line 62]
2014-04-13 17:40:39 Notice: Notice (8): Undefined index: User in [APP/views/clientes/index.ctp, line 63]
2014-04-13 17:40:39 Notice: Notice (8): Undefined index: imprime_ticket in [APP/views/clientes/index.ctp, line 76]
2014-04-13 17:41:10 Notice: Notice (8): Undefined index: User in [APP/views/clientes/index.ctp, line 60]
2014-04-13 17:41:10 Notice: Notice (8): Undefined index: User in [APP/views/clientes/index.ctp, line 61]
2014-04-13 17:41:10 Notice: Notice (8): Undefined index: imprime_ticket in [APP/views/clientes/index.ctp, line 74]
2014-04-13 17:41:56 Notice: Notice (8): Undefined index: imprime_ticket in [APP/views/clientes/index.ctp, line 71]
2014-04-13 17:43:18 Notice: Notice (8): Undefined index: imprime_ticket in [APP/views/clientes/index.ctp, line 73]
2014-04-13 17:43:27 Notice: Notice (8): Undefined index: imprime_ticket in [APP/views/clientes/index.ctp, line 74]
2014-04-13 17:46:01 Notice: Notice (8): Undefined property: Cliente::$User in [APP/controllers/clientes_controller.php, line 134]
2014-04-13 17:56:42 Notice: Notice (8): Undefined property: Cliente::$User in [APP/controllers/clientes_controller.php, line 87]
2014-04-13 17:58:22 Notice: Notice (8): Undefined variable: tipo_documentos in [APP/views/clientes/edit.ctp, line 32]
2014-04-13 17:58:22 Notice: Notice (8): Undefined variable: iva_responsabilidades in [APP/views/clientes/edit.ctp, line 48]
2014-04-13 17:58:37 Notice: Notice (8): Undefined variable: iva_responsabilidades in [APP/views/clientes/edit.ctp, line 48]
2014-04-13 18:01:07 Notice: Notice (8): Undefined variable: id in [APP/controllers/clientes_controller.php, line 77]
2014-04-13 18:01:26 Notice: Notice (8): Undefined variable: id in [APP/controllers/clientes_controller.php, line 76]
2014-04-13 18:01:41 Notice: Notice (8): Undefined variable: id in [APP/controllers/clientes_controller.php, line 86]
2014-04-13 18:05:56 Notice: Notice (8): Undefined index: description in [APP/views/tipo_de_pagos/index.ctp, line 39]
2014-04-13 18:13:38 Notice: Notice (8): Undefined index: imprime_ticket in [APP/views/mesas/edit.ctp, line 64]
2014-04-13 18:14:40 Notice: Notice (8): Undefined index: imprime_ticket in [APP/views/mesas/edit.ctp, line 64]
2014-04-13 18:24:36 Notice: Notice (8): Undefined index: User in [APP/views/mozos/view.ctp, line 6]
2014-04-13 18:25:22 Notice: Notice (8): Undefined index: Mesa in [APP/models/mesa.php, line 228]
2014-04-13 18:26:32 Notice: Notice (8): Undefined index: Mesa in [APP/models/mesa.php, line 228]
2014-04-13 18:31:53 Notice: Notice (8): Undefined index: User in [APP/models/mozo.php, line 77]
2014-04-13 18:32:57 Notice: Notice (8): Undefined variable: tipo_pagos in [APP/views/mesas/add.ctp, line 35]
2014-04-13 18:47:31 Notice: Notice (8): Undefined property: View::$Form in [APP/views/productos/edit.ctp, line 13]
2014-04-13 18:51:30 Notice: Notice (8): Undefined property: View::$Paginator in [APP/views/tags/index.ctp, line 5]
2014-04-13 18:53:44 Notice: Notice (8): Undefined property: View::$Form in [APP/views/tags/edit.ctp, line 2]
2014-04-13 18:55:53 Notice: Notice (8): Undefined property: View::$Form in [APP/views/tags/view.ctp, line 30]
2014-04-13 18:55:58 Notice: Notice (8): Undefined property: TagsController::$request in [APP/controllers/tags_controller.php, line 86]
2014-04-13 19:00:21 Notice: Notice (8): Undefined property: View::$Form in [APP/views/tags/view.ctp, line 30]
2014-04-13 19:16:40 Notice: Notice (8): Undefined property: View::$Form in [APP/views/tags/view.ctp, line 30]
2014-04-13 19:17:15 Notice: Notice (8): Undefined property: View::$Form in [APP/views/tags/view.ctp, line 30]
